Using pre-set license
Built from '2021.3/staging' branch; Version is '2021.3.1f1 (3b70a0754835) revision 3895456'; Using compiler version '192829333'; Build Type 'Release'
OS: 'Windows 10  (10.0.19043) 64bit Core' Language: 'en' Physical Memory: 16299 MB
BatchMode: 1, IsHumanControllingUs: 0, StartBugReporterOnCrash: 0, Is64bit: 1, IsPro: 1

COMMAND LINE ARGUMENTS:
D:\Unity\2021.3.1f1\Editor\Unity.exe
-adb2
-batchMode
-noUpm
-name
AssetImportWorker7
-projectPath
C:/Users/Marco/WheelchairSim
-logFile
Logs/AssetImportWorker7.log
-srvPort
53897
Successfully changed project path to: C:/Users/Marco/WheelchairSim
C:/Users/Marco/WheelchairSim
[UnityMemory] Configuration Parameters - Can be set up in boot.config
    "memorysetup-bucket-allocator-granularity=16"
    "memorysetup-bucket-allocator-bucket-count=8"
    "memorysetup-bucket-allocator-block-size=33554432"
    "memorysetup-bucket-allocator-block-count=8"
    "memorysetup-main-allocator-block-size=16777216"
    "memorysetup-thread-allocator-block-size=16777216"
    "memorysetup-gfx-main-allocator-block-size=16777216"
    "memorysetup-gfx-thread-allocator-block-size=16777216"
    "memorysetup-cache-allocator-block-size=4194304"
    "memorysetup-typetree-allocator-block-size=2097152"
    "memorysetup-profiler-bucket-allocator-granularity=16"
    "memorysetup-profiler-bucket-allocator-bucket-count=8"
    "memorysetup-profiler-bucket-allocator-block-size=33554432"
    "memorysetup-profiler-bucket-allocator-block-count=8"
    "memorysetup-profiler-allocator-block-size=16777216"
    "memorysetup-profiler-editor-allocator-block-size=1048576"
    "memorysetup-temp-allocator-size-main=16777216"
    "memorysetup-job-temp-allocator-block-size=2097152"
    "memorysetup-job-temp-allocator-block-size-background=1048576"
    "memorysetup-job-temp-allocator-reduction-small-platforms=262144"
    "memorysetup-temp-allocator-size-background-worker=32768"
    "memorysetup-temp-allocator-size-job-worker=262144"
    "memorysetup-temp-allocator-size-preload-manager=33554432"
    "memorysetup-temp-allocator-size-nav-mesh-worker=65536"
    "memorysetup-temp-allocator-size-audio-worker=65536"
    "memorysetup-temp-allocator-size-cloud-worker=32768"
    "memorysetup-temp-allocator-size-gi-baking-worker=262144"
    "memorysetup-temp-allocator-size-gfx=262144"
Refreshing native plugins compatible for Editor in 69.72 ms, found 3 plugins.
Preloading 0 native plugins for Editor in 0.00 ms.
Initialize engine version: 2021.3.1f1 (3b70a0754835)
[Subsystems] Discovering subsystems at path D:/Unity/2021.3.1f1/Editor/Data/Resources/UnitySubsystems
[Subsystems] Discovering subsystems at path C:/Users/Marco/WheelchairSim/Assets
GfxDevice: creating device client; threaded=0; jobified=0
Direct3D:
    Version:  Direct3D 11.0 [level 11.1]
    Renderer: NVIDIA GeForce RTX 3070 (ID=0x2484)
    Vendor:   NVIDIA
    VRAM:     8043 MB
    Driver:   30.0.14.9649
Initialize mono
Mono path[0] = 'D:/Unity/2021.3.1f1/Editor/Data/Managed'
Mono path[1] = 'D:/Unity/2021.3.1f1/Editor/Data/MonoBleedingEdge/lib/mono/unityjit-win32'
Mono config path = 'D:/Unity/2021.3.1f1/Editor/Data/MonoBleedingEdge/etc'
Using monoOptions --debugger-agent=transport=dt_socket,embedding=1,server=y,suspend=n,address=127.0.0.1:56528
Begin MonoManager ReloadAssembly
Registering precompiled unity dll's ...
Register platform support module: D:/Unity/2021.3.1f1/Editor/Data/PlaybackEngines/WebGLSupport/UnityEditor.WebGL.Extensions.dll
Register platform support module: D:/Unity/2021.3.1f1/Editor/Data/PlaybackEngines/WindowsStandaloneSupport/UnityEditor.WindowsStandalone.Extensions.dll
Registered in 0.002187 seconds.
Native extension for WindowsStandalone target not found
Native extension for WebGL target not found
Refreshing native plugins compatible for Editor in 64.56 ms, found 3 plugins.
Preloading 0 native plugins for Editor in 0.00 ms.
Mono: successfully reloaded assembly
- Completed reload, in  0.498 seconds
Domain Reload Profiling:
	ReloadAssembly (499ms)
		BeginReloadAssembly (66ms)
			ExecutionOrderSort (0ms)
			DisableScriptedObjects (0ms)
			BackupInstance (0ms)
			ReleaseScriptingObjects (0ms)
			CreateAndSetChildDomain (1ms)
		EndReloadAssembly (356ms)
			LoadAssemblies (65ms)
			RebuildTransferFunctionScriptingTraits (0ms)
			SetupTypeCache (72ms)
			ReleaseScriptCaches (0ms)
			RebuildScriptCaches (27ms)
			SetupLoadedEditorAssemblies (219ms)
				LogAssemblyErrors (0ms)
				InitializePlatformSupportModulesInManaged (7ms)
				SetLoadedEditorAssemblies (0ms)
				RefreshPlugins (65ms)
				BeforeProcessingInitializeOnLoad (1ms)
				ProcessInitializeOnLoadAttributes (109ms)
				ProcessInitializeOnLoadMethodAttributes (36ms)
				AfterProcessingInitializeOnLoad (0ms)
				EditorAssembliesLoaded (0ms)
			ExecutionOrderSort2 (0ms)
			AwakeInstancesAfterBackupRestoration (0ms)
Platform modules already initialized, skipping
Registering precompiled user dll's ...
Registered in 0.004606 seconds.
Begin MonoManager ReloadAssembly
Symbol file LoadedFromMemory doesn't match image C:\Users\Marco\WheelchairSim\Library\PackageCache\com.unity.visualscripting@1.7.6\Editor\VisualScripting.Core\Dependencies\YamlDotNet\Unity.VisualScripting.YamlDotNet.dll
Symbol file LoadedFromMemory is not a mono symbol file
Symbol file LoadedFromMemory doesn't match image C:\Users\Marco\WheelchairSim\Library\PackageCache\com.unity.visualscripting@1.7.6\Editor\VisualScripting.Core\Dependencies\DotNetZip\Unity.VisualScripting.IonicZip.dll
Native extension for WindowsStandalone target not found
Native extension for WebGL target not found
Refreshing native plugins compatible for Editor in 0.42 ms, found 3 plugins.
Preloading 0 native plugins for Editor in 0.00 ms.
Mono: successfully reloaded assembly
- Completed reload, in  0.761 seconds
Domain Reload Profiling:
	ReloadAssembly (762ms)
		BeginReloadAssembly (86ms)
			ExecutionOrderSort (0ms)
			DisableScriptedObjects (7ms)
			BackupInstance (0ms)
			ReleaseScriptingObjects (0ms)
			CreateAndSetChildDomain (16ms)
		EndReloadAssembly (594ms)
			LoadAssemblies (68ms)
			RebuildTransferFunctionScriptingTraits (0ms)
			SetupTypeCache (189ms)
			ReleaseScriptCaches (0ms)
			RebuildScriptCaches (36ms)
			SetupLoadedEditorAssemblies (265ms)
				LogAssemblyErrors (0ms)
				InitializePlatformSupportModulesInManaged (4ms)
				SetLoadedEditorAssemblies (0ms)
				RefreshPlugins (0ms)
				BeforeProcessingInitializeOnLoad (55ms)
				ProcessInitializeOnLoadAttributes (180ms)
				ProcessInitializeOnLoadMethodAttributes (24ms)
				AfterProcessingInitializeOnLoad (2ms)
				EditorAssembliesLoaded (0ms)
			ExecutionOrderSort2 (0ms)
			AwakeInstancesAfterBackupRestoration (4ms)
Platform modules already initialized, skipping
========================================================================
Worker process is ready to serve import requests
Launched and connected shader compiler UnityShaderCompiler.exe after 0.16 seconds
Refreshing native plugins compatible for Editor in 1.08 ms, found 3 plugins.
Preloading 0 native plugins for Editor in 0.00 ms.
Unloading 3278 Unused Serialized files (Serialized files now loaded: 0)
Unloading 23 unused Assets / (112.1 KB). Loaded Objects now: 3740.
Memory consumption went from 115.9 MB to 115.8 MB.
Total: 2.455200 ms (FindLiveObjects: 0.211600 ms CreateObjectMapping: 0.081500 ms MarkObjects: 2.064500 ms  DeleteObjects: 0.097000 ms)

AssetImportParameters requested are different than current active one (requested -> active):
  custom:video-decoder-ogg-theora: a1e56fd34408186e4bbccfd4996cb3dc -> 
  custom:container-muxer-webm: aa71ff27fc2769a1b78a27578f13a17b -> 
  custom:container-demuxer-webm: 4f35f7cbe854078d1ac9338744f61a02 -> 
  custom:video-encoder-webm-vp8: eb34c28f22e8b96e1ab97ce403110664 -> 
  custom:audio-encoder-webm-vorbis: bf7c407c2cedff20999df2af8eb42d56 -> 
  custom:framework-win-MediaFoundation: 216162199b28c13a410421893ffa2e32 -> 
  custom:container-demuxer-ogg: 62fdf1f143b41e24485cea50d1cbac27 -> 
  custom:video-decoder-webm-vp8: 9c59270c3fd7afecdb556c50c9e8de78 -> 
  custom:audio-decoder-ogg-vorbis: bf7c407c2cedff20999df2af8eb42d56 -> 
========================================================================
Received Prepare
Registering precompiled user dll's ...
Registered in 0.003441 seconds.
Begin MonoManager ReloadAssembly
Symbol file LoadedFromMemory doesn't match image C:\Users\Marco\WheelchairSim\Library\PackageCache\com.unity.visualscripting@1.7.6\Editor\VisualScripting.Core\Dependencies\YamlDotNet\Unity.VisualScripting.YamlDotNet.dll
Symbol file LoadedFromMemory is not a mono symbol file
Symbol file LoadedFromMemory doesn't match image C:\Users\Marco\WheelchairSim\Library\PackageCache\com.unity.visualscripting@1.7.6\Editor\VisualScripting.Core\Dependencies\DotNetZip\Unity.VisualScripting.IonicZip.dll
Native extension for WindowsStandalone target not found
Native extension for WebGL target not found
Refreshing native plugins compatible for Editor in 0.54 ms, found 3 plugins.
Preloading 0 native plugins for Editor in 0.00 ms.
Mono: successfully reloaded assembly
- Completed reload, in  0.657 seconds
Domain Reload Profiling:
	ReloadAssembly (657ms)
		BeginReloadAssembly (101ms)
			ExecutionOrderSort (0ms)
			DisableScriptedObjects (4ms)
			BackupInstance (0ms)
			ReleaseScriptingObjects (0ms)
			CreateAndSetChildDomain (28ms)
		EndReloadAssembly (487ms)
			LoadAssemblies (62ms)
			RebuildTransferFunctionScriptingTraits (0ms)
			SetupTypeCache (162ms)
			ReleaseScriptCaches (1ms)
			RebuildScriptCaches (28ms)
			SetupLoadedEditorAssemblies (209ms)
				LogAssemblyErrors (0ms)
				InitializePlatformSupportModulesInManaged (9ms)
				SetLoadedEditorAssemblies (0ms)
				RefreshPlugins (1ms)
				BeforeProcessingInitializeOnLoad (41ms)
				ProcessInitializeOnLoadAttributes (140ms)
				ProcessInitializeOnLoadMethodAttributes (17ms)
				AfterProcessingInitializeOnLoad (2ms)
				EditorAssembliesLoaded (0ms)
			ExecutionOrderSort2 (0ms)
			AwakeInstancesAfterBackupRestoration (4ms)
Platform modules already initialized, skipping
Refreshing native plugins compatible for Editor in 1.83 ms, found 3 plugins.
Preloading 0 native plugins for Editor in 0.00 ms.
Unloading 3260 Unused Serialized files (Serialized files now loaded: 0)
Unloading 16 unused Assets / (79.3 KB). Loaded Objects now: 3743.
Memory consumption went from 114.6 MB to 114.5 MB.
Total: 3.204900 ms (FindLiveObjects: 0.200700 ms CreateObjectMapping: 0.106600 ms MarkObjects: 2.828600 ms  DeleteObjects: 0.068200 ms)

AssetImportParameters requested are different than current active one (requested -> active):
  custom:video-decoder-ogg-theora: a1e56fd34408186e4bbccfd4996cb3dc -> 
  custom:container-muxer-webm: aa71ff27fc2769a1b78a27578f13a17b -> 
  custom:container-demuxer-webm: 4f35f7cbe854078d1ac9338744f61a02 -> 
  custom:video-encoder-webm-vp8: eb34c28f22e8b96e1ab97ce403110664 -> 
  custom:audio-encoder-webm-vorbis: bf7c407c2cedff20999df2af8eb42d56 -> 
  custom:framework-win-MediaFoundation: 216162199b28c13a410421893ffa2e32 -> 
  custom:container-demuxer-ogg: 62fdf1f143b41e24485cea50d1cbac27 -> 
  custom:video-decoder-webm-vp8: 9c59270c3fd7afecdb556c50c9e8de78 -> 
  custom:audio-decoder-ogg-vorbis: bf7c407c2cedff20999df2af8eb42d56 -> 
========================================================================
Received Import Request.
  Time since last request: 1000315.644526 seconds.
  path: Assets/Real Materials/Textures/!UV density checker diffuse.png
  artifactKey: Guid(9fea5d33c00f6e64bbbbcd3f685fca67) Importer(815301076,1909f56bfc062723c751e8b465ee728b)
Start importing Assets/Real Materials/Textures/!UV density checker diffuse.png using Guid(9fea5d33c00f6e64bbbbcd3f685fca67) Importer(815301076,1909f56bfc062723c751e8b465ee728b)  -> (artifact id: '424680310636932620dc9026c75e26ca') in 0.252423 seconds 
========================================================================
Received Import Request.
  Time since last request: 0.000033 seconds.
  path: Assets/Real Materials/Textures/copper with patina metalness.png
  artifactKey: Guid(ca1de3d68524aae4a9ca321b60cccd61) Importer(815301076,1909f56bfc062723c751e8b465ee728b)
Start importing Assets/Real Materials/Textures/copper with patina metalness.png using Guid(ca1de3d68524aae4a9ca321b60cccd61) Importer(815301076,1909f56bfc062723c751e8b465ee728b)  -> (artifact id: '510233aba116d19125b01f02a835d7d7') in 0.028004 seconds 
========================================================================
Received Import Request.
  Time since last request: 0.000024 seconds.
  path: Assets/Real Materials/Textures/marble rough metalness.png
  artifactKey: Guid(ee30fe3688a569e4099862b20fc9464e) Importer(815301076,1909f56bfc062723c751e8b465ee728b)
Start importing Assets/Real Materials/Textures/marble rough metalness.png using Guid(ee30fe3688a569e4099862b20fc9464e) Importer(815301076,1909f56bfc062723c751e8b465ee728b)  -> (artifact id: '5f56b90b1d20ed9b918a57c8623bb560') in 0.038915 seconds 
========================================================================
Received Import Request.
  Time since last request: 0.000020 seconds.
  path: Assets/Real Materials/Textures/common white cloud noise diffuse.png
  artifactKey: Guid(dd8e27fcc6261354c957b7d02b4f8837) Importer(815301076,1909f56bfc062723c751e8b465ee728b)
Start importing Assets/Real Materials/Textures/common white cloud noise diffuse.png using Guid(dd8e27fcc6261354c957b7d02b4f8837) Importer(815301076,1909f56bfc062723c751e8b465ee728b)  -> (artifact id: '3f0643e438981b8ee5686aa0a99e03a0') in 0.013918 seconds 
========================================================================
Received Import Request.
  Time since last request: 0.000019 seconds.
  path: Assets/Real Materials/Textures/plaster common normal.png
  artifactKey: Guid(dfc332ad50d52b843b4d4fd1d63faf48) Importer(815301076,1909f56bfc062723c751e8b465ee728b)
Start importing Assets/Real Materials/Textures/plaster common normal.png using Guid(dfc332ad50d52b843b4d4fd1d63faf48) Importer(815301076,1909f56bfc062723c751e8b465ee728b)  -> (artifact id: 'bdb7902eefcd8e3e019b5789d46b29f0') in 0.046412 seconds 
========================================================================
Received Import Request.
  Time since last request: 0.000028 seconds.
  path: Assets/Real Materials/Textures/brass spotty metalness.png
  artifactKey: Guid(e61476e94c3c57749a32051357f8d8e1) Importer(815301076,1909f56bfc062723c751e8b465ee728b)
Start importing Assets/Real Materials/Textures/brass spotty metalness.png using Guid(e61476e94c3c57749a32051357f8d8e1) Importer(815301076,1909f56bfc062723c751e8b465ee728b)  -> (artifact id: '0ff3d866fe4e433a45fd6817c83ce8b5') in 0.029381 seconds 
========================================================================
Received Import Request.
  Time since last request: 0.000020 seconds.
  path: Assets/Real Materials/Textures/floor marble scattered metalness.png
  artifactKey: Guid(4e4c0ce23c318a64c886ec68653a6e34) Importer(815301076,1909f56bfc062723c751e8b465ee728b)
Start importing Assets/Real Materials/Textures/floor marble scattered metalness.png using Guid(4e4c0ce23c318a64c886ec68653a6e34) Importer(815301076,1909f56bfc062723c751e8b465ee728b)  -> (artifact id: '062cfb7edd1531d0c8334d0de7633b8e') in 0.026331 seconds 
========================================================================
Received Import Request.
  Time since last request: 0.000020 seconds.
  path: Assets/Real Materials/Textures/common white cloud noise normal.png
  artifactKey: Guid(e81be6e016eea9e468b50fcada4dab73) Importer(815301076,1909f56bfc062723c751e8b465ee728b)
Start importing Assets/Real Materials/Textures/common white cloud noise normal.png using Guid(e81be6e016eea9e468b50fcada4dab73) Importer(815301076,1909f56bfc062723c751e8b465ee728b)  -> (artifact id: '2ab501473a7c0cb21b8b168f3975e843') in 0.011584 seconds 
========================================================================
Received Import Request.
  Time since last request: 0.000015 seconds.
  path: Assets/Real Materials/Textures/common 5 percent mask.png
  artifactKey: Guid(b303f2f11d599b841b635c425e4e2a3a) Importer(815301076,1909f56bfc062723c751e8b465ee728b)
Start importing Assets/Real Materials/Textures/common 5 percent mask.png using Guid(b303f2f11d599b841b635c425e4e2a3a) Importer(815301076,1909f56bfc062723c751e8b465ee728b)  -> (artifact id: 'ba74c0553aaf4996ebfb178fc30bc7c4') in 0.012671 seconds 
========================================================================
Received Import Request.
  Time since last request: 0.000019 seconds.
  path: Assets/Real Materials/Textures/common 40 percent c_mask.png
  artifactKey: Guid(2fc2951875e2bf245abeec5871e9ebb9) Importer(815301076,1909f56bfc062723c751e8b465ee728b)
Start importing Assets/Real Materials/Textures/common 40 percent c_mask.png using Guid(2fc2951875e2bf245abeec5871e9ebb9) Importer(815301076,1909f56bfc062723c751e8b465ee728b)  -> (artifact id: 'da8afb1798d67e0cea8a777ca7edd771') in 0.010918 seconds 
========================================================================
Received Import Request.
  Time since last request: 0.000025 seconds.
  path: Assets/Real Materials/Textures/common leaking diffuse.png
  artifactKey: Guid(751c6df18835cb54ba37c0879f89d3c7) Importer(815301076,1909f56bfc062723c751e8b465ee728b)
Start importing Assets/Real Materials/Textures/common leaking diffuse.png using Guid(751c6df18835cb54ba37c0879f89d3c7) Importer(815301076,1909f56bfc062723c751e8b465ee728b)  -> (artifact id: '49e3e6596ef06bfbd94804d3956d8b30') in 0.011520 seconds 
========================================================================
Received Import Request.
  Time since last request: 0.000020 seconds.
  path: Assets/Real Materials/Textures/plaster common metalness.png
  artifactKey: Guid(7bbe223dceee78a488b6b4c262004707) Importer(815301076,1909f56bfc062723c751e8b465ee728b)
Start importing Assets/Real Materials/Textures/plaster common metalness.png using Guid(7bbe223dceee78a488b6b4c262004707) Importer(815301076,1909f56bfc062723c751e8b465ee728b)  -> (artifact id: '14dbfa41dd2ae1b4a38e5364ac940def') in 0.024864 seconds 
========================================================================
Received Import Request.
  Time since last request: 0.000030 seconds.
  path: Assets/Real Materials/Textures/marble white diffuse.png
  artifactKey: Guid(c3398e3f2ed2dab41a39ca40ddd226e1) Importer(815301076,1909f56bfc062723c751e8b465ee728b)
Start importing Assets/Real Materials/Textures/marble white diffuse.png using Guid(c3398e3f2ed2dab41a39ca40ddd226e1) Importer(815301076,1909f56bfc062723c751e8b465ee728b)  -> (artifact id: '1b1594517633b1f3169bdfd74b2b6cb0') in 0.019241 seconds 
========================================================================
Received Import Request.
  Time since last request: 0.000023 seconds.
  path: Assets/Real Materials/Textures/common bumpy metal normal.png
  artifactKey: Guid(9ce580e3303cf6e478bec398631a66cd) Importer(815301076,1909f56bfc062723c751e8b465ee728b)
Start importing Assets/Real Materials/Textures/common bumpy metal normal.png using Guid(9ce580e3303cf6e478bec398631a66cd) Importer(815301076,1909f56bfc062723c751e8b465ee728b)  -> (artifact id: 'b061448d5dc869427d1d2091cf4bc3c5') in 0.010373 seconds 
========================================================================
Received Import Request.
  Time since last request: 0.000015 seconds.
  path: Assets/Real Materials/Textures/common non-metal smooth metalness.png
  artifactKey: Guid(87276395bef04714e938148a5f9217c1) Importer(815301076,1909f56bfc062723c751e8b465ee728b)
Start importing Assets/Real Materials/Textures/common non-metal smooth metalness.png using Guid(87276395bef04714e938148a5f9217c1) Importer(815301076,1909f56bfc062723c751e8b465ee728b)  -> (artifact id: '0e2bab23e5c7d176ca57323a1d6be484') in 0.027277 seconds 
========================================================================
Received Import Request.
  Time since last request: 0.000021 seconds.
  path: Assets/Real Materials/Textures/granite rough height.png
  artifactKey: Guid(9cb3f42df9f885c4e8f44b8e429e3ed0) Importer(815301076,1909f56bfc062723c751e8b465ee728b)
Start importing Assets/Real Materials/Textures/granite rough height.png using Guid(9cb3f42df9f885c4e8f44b8e429e3ed0) Importer(815301076,1909f56bfc062723c751e8b465ee728b)  -> (artifact id: '94a3173796df5975892038cefd72bdb6') in 0.011343 seconds 
========================================================================
Received Import Request.
  Time since last request: 0.000022 seconds.
  path: Assets/Real Materials/Textures/common rusted diffuse.png
  artifactKey: Guid(da3403a7fa8091a4282b60110f145994) Importer(815301076,1909f56bfc062723c751e8b465ee728b)
Start importing Assets/Real Materials/Textures/common rusted diffuse.png using Guid(da3403a7fa8091a4282b60110f145994) Importer(815301076,1909f56bfc062723c751e8b465ee728b)  -> (artifact id: '7f5c2de5dd02a18ed1842a0416a0be92') in 0.051184 seconds 
========================================================================
Received Import Request.
  Time since last request: 0.000017 seconds.
  path: Assets/Real Materials/Textures/common clouds diffuse.png
  artifactKey: Guid(95e4ed9564fabde45af7615ba42ee4db) Importer(815301076,1909f56bfc062723c751e8b465ee728b)
Start importing Assets/Real Materials/Textures/common clouds diffuse.png using Guid(95e4ed9564fabde45af7615ba42ee4db) Importer(815301076,1909f56bfc062723c751e8b465ee728b)  -> (artifact id: '30683eb2517d2c5e4fd079395991ab56') in 0.010407 seconds 
========================================================================
Received Import Request.
  Time since last request: 0.000016 seconds.
  path: Assets/Real Materials/Textures/plaster common diffuse.png
  artifactKey: Guid(43c140b1bf47bdc4395025be3e1fbf5f) Importer(815301076,1909f56bfc062723c751e8b465ee728b)
Start importing Assets/Real Materials/Textures/plaster common diffuse.png using Guid(43c140b1bf47bdc4395025be3e1fbf5f) Importer(815301076,1909f56bfc062723c751e8b465ee728b)  -> (artifact id: 'aa4e9b8b5af268bc00a4fe45e05a95e7') in 0.017222 seconds 
========================================================================
Received Import Request.
  Time since last request: 0.000030 seconds.
  path: Assets/Real Materials/Textures/common 10 percent mask.png
  artifactKey: Guid(7593ce365ad260648bc87953c85e7cfb) Importer(815301076,1909f56bfc062723c751e8b465ee728b)
Start importing Assets/Real Materials/Textures/common 10 percent mask.png using Guid(7593ce365ad260648bc87953c85e7cfb) Importer(815301076,1909f56bfc062723c751e8b465ee728b)  -> (artifact id: '639dd8075e88b10121ed72e02c9110ee') in 0.009386 seconds 
========================================================================
Received Import Request.
  Time since last request: 0.000015 seconds.
  path: Assets/Real Materials/Textures/floor marble scattered normal.png
  artifactKey: Guid(94183d15e94b9e94da8ca02c9d87d2be) Importer(815301076,1909f56bfc062723c751e8b465ee728b)
Start importing Assets/Real Materials/Textures/floor marble scattered normal.png using Guid(94183d15e94b9e94da8ca02c9d87d2be) Importer(815301076,1909f56bfc062723c751e8b465ee728b)  -> (artifact id: '91c1a1001a24fd8c8fa2f10139780311') in 0.023934 seconds 
========================================================================
Received Import Request.
  Time since last request: 28.506539 seconds.
  path: Assets/Real Materials/Demo/Models/[arch] Mini-platform.fbx
  artifactKey: Guid(7acedc92e0bf026419a235eec8f69220) Importer(815301076,1909f56bfc062723c751e8b465ee728b)
Start importing Assets/Real Materials/Demo/Models/[arch] Mini-platform.fbx using Guid(7acedc92e0bf026419a235eec8f69220) Importer(815301076,1909f56bfc062723c751e8b465ee728b)  -> (artifact id: '5b19d7ff5ff8fbfb0f8443299bc9be6d') in 0.285558 seconds 
========================================================================
Received Import Request.
  Time since last request: 0.000025 seconds.
  path: Assets/Real Materials/Demo/Models/[arch] Platform.fbx
  artifactKey: Guid(ec55f249429c1764db0f1ddb7d674c9d) Importer(815301076,1909f56bfc062723c751e8b465ee728b)
Start importing Assets/Real Materials/Demo/Models/[arch] Platform.fbx using Guid(ec55f249429c1764db0f1ddb7d674c9d) Importer(815301076,1909f56bfc062723c751e8b465ee728b)  -> (artifact id: '79aacea9f9021171cb62f00cfc127d55') in 0.070944 seconds 
========================================================================
Received Import Request.
  Time since last request: 0.000034 seconds.
  path: Assets/Real Materials/Demo/Models/[foliage] Tree tiny decorative.fbx
  artifactKey: Guid(e6ff7d5f226a07349a7c58d612795545) Importer(815301076,1909f56bfc062723c751e8b465ee728b)
Start importing Assets/Real Materials/Demo/Models/[foliage] Tree tiny decorative.fbx using Guid(e6ff7d5f226a07349a7c58d612795545) Importer(815301076,1909f56bfc062723c751e8b465ee728b)  -> (artifact id: 'b5844ff6cfc1a4acdec99ca528d212c0') in 0.070904 seconds 
========================================================================
Received Import Request.
  Time since last request: 0.000015 seconds.
  path: Assets/Real Materials/Demo/Models/[decor] Stand cylindrical.fbx
  artifactKey: Guid(df92fb5af4512f343a0ac172045a3dff) Importer(815301076,1909f56bfc062723c751e8b465ee728b)
Start importing Assets/Real Materials/Demo/Models/[decor] Stand cylindrical.fbx using Guid(df92fb5af4512f343a0ac172045a3dff) Importer(815301076,1909f56bfc062723c751e8b465ee728b)  -> (artifact id: 'b0870305c59b49d8d081e78c8f16d57f') in 0.089786 seconds 
========================================================================
Received Import Request.
  Time since last request: 0.000017 seconds.
  path: Assets/Real Materials/Demo/Models/[decor] Sphere decorative optimized.fbx
  artifactKey: Guid(00f034fbfaa21b3459a8667334cd408c) Importer(815301076,1909f56bfc062723c751e8b465ee728b)
Start importing Assets/Real Materials/Demo/Models/[decor] Sphere decorative optimized.fbx using Guid(00f034fbfaa21b3459a8667334cd408c) Importer(815301076,1909f56bfc062723c751e8b465ee728b)  -> (artifact id: '37106c7db60525883661bfaa2d587f51') in 0.063404 seconds 
========================================================================
Received Import Request.
  Time since last request: 0.000024 seconds.
  path: Assets/Real Materials/Demo/Models/[foliage] Grass quater circle shape.fbx
  artifactKey: Guid(17c4cd92861468846929e0efbcf92d95) Importer(815301076,1909f56bfc062723c751e8b465ee728b)
Start importing Assets/Real Materials/Demo/Models/[foliage] Grass quater circle shape.fbx using Guid(17c4cd92861468846929e0efbcf92d95) Importer(815301076,1909f56bfc062723c751e8b465ee728b)  -> (artifact id: '4912963541fea8f0120571de78a7e92e') in 0.057739 seconds 
========================================================================
Received Import Request.
  Time since last request: 0.000026 seconds.
  path: Assets/Real Materials/Demo/Models/[decor] Body armor.fbx
  artifactKey: Guid(fd9d18a3bc580c64788fe78ea456eece) Importer(815301076,1909f56bfc062723c751e8b465ee728b)
Start importing Assets/Real Materials/Demo/Models/[decor] Body armor.fbx using Guid(fd9d18a3bc580c64788fe78ea456eece) Importer(815301076,1909f56bfc062723c751e8b465ee728b)  -> (artifact id: 'b7e0ee141299414ef1e3433afcebc051') in 0.071789 seconds 
========================================================================
Received Import Request.
  Time since last request: 0.000018 seconds.
  path: Assets/Real Materials/Demo/Models/[foliage] Square grass 2x2m.fbx
  artifactKey: Guid(a8be870e200f0824f9fe64aad44b3f6e) Importer(815301076,1909f56bfc062723c751e8b465ee728b)
Start importing Assets/Real Materials/Demo/Models/[foliage] Square grass 2x2m.fbx using Guid(a8be870e200f0824f9fe64aad44b3f6e) Importer(815301076,1909f56bfc062723c751e8b465ee728b)  -> (artifact id: '68fbe609e96150f9db7ab6a785782d55') in 0.036017 seconds 
========================================================================
Received Import Request.
  Time since last request: 0.000017 seconds.
  path: Assets/Real Materials/Demo/Models/[decor] Sledgehammer.fbx
  artifactKey: Guid(e07dc83d1b7f89f42afdfa6e528609b5) Importer(815301076,1909f56bfc062723c751e8b465ee728b)
Start importing Assets/Real Materials/Demo/Models/[decor] Sledgehammer.fbx using Guid(e07dc83d1b7f89f42afdfa6e528609b5) Importer(815301076,1909f56bfc062723c751e8b465ee728b)  -> (artifact id: '7e3c579e859c97f6f808adf47ac0cd69') in 0.052405 seconds 
========================================================================
Received Import Request.
  Time since last request: 8.358451 seconds.
  path: Assets/Real Materials/Demo/Materials/Bush foliage.mat
  artifactKey: Guid(61a39253183cf91409f309f04c1f13fc) Importer(815301076,1909f56bfc062723c751e8b465ee728b)
Start importing Assets/Real Materials/Demo/Materials/Bush foliage.mat using Guid(61a39253183cf91409f309f04c1f13fc) Importer(815301076,1909f56bfc062723c751e8b465ee728b)  -> (artifact id: '8c34f1dc2b106f76ad200825f2fe8d16') in 0.568749 seconds 
========================================================================
Received Import Request.
  Time since last request: 0.000019 seconds.
  path: Assets/Real Materials/Demo/Materials/Information panel backside.mat
  artifactKey: Guid(909316b98e886e64c8691211e202dc9a) Importer(815301076,1909f56bfc062723c751e8b465ee728b)
Start importing Assets/Real Materials/Demo/Materials/Information panel backside.mat using Guid(909316b98e886e64c8691211e202dc9a) Importer(815301076,1909f56bfc062723c751e8b465ee728b)  -> (artifact id: '6cf3fbdfad3d75485e58507590409d7b') in 0.010511 seconds 
========================================================================
Received Import Request.
  Time since last request: 0.000021 seconds.
  path: Assets/Real Materials/Demo/Materials/Information panel - promo.mat
  artifactKey: Guid(5aa613bfc15bbc64badaa8a2a35752ea) Importer(815301076,1909f56bfc062723c751e8b465ee728b)
Start importing Assets/Real Materials/Demo/Materials/Information panel - promo.mat using Guid(5aa613bfc15bbc64badaa8a2a35752ea) Importer(815301076,1909f56bfc062723c751e8b465ee728b)  -> (artifact id: '7a8873b7ce2e0e16f9c2514a0f3a5fc6') in 0.032567 seconds 
========================================================================
Received Import Request.
  Time since last request: 0.000021 seconds.
  path: Assets/Real Materials/Demo/Materials/Tree generic leafs.mat
  artifactKey: Guid(5d74ca7f44f1bd94e9e03f2783202d6e) Importer(815301076,1909f56bfc062723c751e8b465ee728b)
Start importing Assets/Real Materials/Demo/Materials/Tree generic leafs.mat using Guid(5d74ca7f44f1bd94e9e03f2783202d6e) Importer(815301076,1909f56bfc062723c751e8b465ee728b)  -> (artifact id: 'aea0c7066654ef84283f3d776a66b099') in 0.348916 seconds 
Editor requested this worker to shutdown with reason: Scaling down because of idle timeout
AssetImportWorker is now disconnected from the server
Process exiting
Exiting without the bug reporter. Application will terminate with return code 0