Using pre-set license
Built from '2021.3/staging' branch; Version is '2021.3.1f1 (3b70a0754835) revision 3895456'; Using compiler version '192829333'; Build Type 'Release'
OS: 'Windows 10  (10.0.19043) 64bit Core' Language: 'en' Physical Memory: 16299 MB
BatchMode: 1, IsHumanControllingUs: 0, StartBugReporterOnCrash: 0, Is64bit: 1, IsPro: 1

COMMAND LINE ARGUMENTS:
D:\Unity\2021.3.1f1\Editor\Unity.exe
-adb2
-batchMode
-noUpm
-name
AssetImportWorker9
-projectPath
C:/Users/Marco/WheelchairSim
-logFile
Logs/AssetImportWorker9.log
-srvPort
53897
Successfully changed project path to: C:/Users/Marco/WheelchairSim
C:/Users/Marco/WheelchairSim
[UnityMemory] Configuration Parameters - Can be set up in boot.config
    "memorysetup-bucket-allocator-granularity=16"
    "memorysetup-bucket-allocator-bucket-count=8"
    "memorysetup-bucket-allocator-block-size=33554432"
    "memorysetup-bucket-allocator-block-count=8"
    "memorysetup-main-allocator-block-size=16777216"
    "memorysetup-thread-allocator-block-size=16777216"
    "memorysetup-gfx-main-allocator-block-size=16777216"
    "memorysetup-gfx-thread-allocator-block-size=16777216"
    "memorysetup-cache-allocator-block-size=4194304"
    "memorysetup-typetree-allocator-block-size=2097152"
    "memorysetup-profiler-bucket-allocator-granularity=16"
    "memorysetup-profiler-bucket-allocator-bucket-count=8"
    "memorysetup-profiler-bucket-allocator-block-size=33554432"
    "memorysetup-profiler-bucket-allocator-block-count=8"
    "memorysetup-profiler-allocator-block-size=16777216"
    "memorysetup-profiler-editor-allocator-block-size=1048576"
    "memorysetup-temp-allocator-size-main=16777216"
    "memorysetup-job-temp-allocator-block-size=2097152"
    "memorysetup-job-temp-allocator-block-size-background=1048576"
    "memorysetup-job-temp-allocator-reduction-small-platforms=262144"
    "memorysetup-temp-allocator-size-background-worker=32768"
    "memorysetup-temp-allocator-size-job-worker=262144"
    "memorysetup-temp-allocator-size-preload-manager=33554432"
    "memorysetup-temp-allocator-size-nav-mesh-worker=65536"
    "memorysetup-temp-allocator-size-audio-worker=65536"
    "memorysetup-temp-allocator-size-cloud-worker=32768"
    "memorysetup-temp-allocator-size-gi-baking-worker=262144"
    "memorysetup-temp-allocator-size-gfx=262144"
Refreshing native plugins compatible for Editor in 83.76 ms, found 3 plugins.
Preloading 0 native plugins for Editor in 0.00 ms.
Initialize engine version: 2021.3.1f1 (3b70a0754835)
[Subsystems] Discovering subsystems at path D:/Unity/2021.3.1f1/Editor/Data/Resources/UnitySubsystems
[Subsystems] Discovering subsystems at path C:/Users/Marco/WheelchairSim/Assets
GfxDevice: creating device client; threaded=0; jobified=0
Direct3D:
    Version:  Direct3D 11.0 [level 11.1]
    Renderer: NVIDIA GeForce RTX 3070 (ID=0x2484)
    Vendor:   NVIDIA
    VRAM:     8043 MB
    Driver:   30.0.14.9649
Initialize mono
Mono path[0] = 'D:/Unity/2021.3.1f1/Editor/Data/Managed'
Mono path[1] = 'D:/Unity/2021.3.1f1/Editor/Data/MonoBleedingEdge/lib/mono/unityjit-win32'
Mono config path = 'D:/Unity/2021.3.1f1/Editor/Data/MonoBleedingEdge/etc'
Using monoOptions --debugger-agent=transport=dt_socket,embedding=1,server=y,suspend=n,address=127.0.0.1:56432
Begin MonoManager ReloadAssembly
Registering precompiled unity dll's ...
Register platform support module: D:/Unity/2021.3.1f1/Editor/Data/PlaybackEngines/WebGLSupport/UnityEditor.WebGL.Extensions.dll
Register platform support module: D:/Unity/2021.3.1f1/Editor/Data/PlaybackEngines/WindowsStandaloneSupport/UnityEditor.WindowsStandalone.Extensions.dll
Registered in 0.003057 seconds.
Native extension for WindowsStandalone target not found
Native extension for WebGL target not found
Refreshing native plugins compatible for Editor in 71.75 ms, found 3 plugins.
Preloading 0 native plugins for Editor in 0.00 ms.
Mono: successfully reloaded assembly
- Completed reload, in  0.580 seconds
Domain Reload Profiling:
	ReloadAssembly (580ms)
		BeginReloadAssembly (75ms)
			ExecutionOrderSort (0ms)
			DisableScriptedObjects (0ms)
			BackupInstance (0ms)
			ReleaseScriptingObjects (0ms)
			CreateAndSetChildDomain (1ms)
		EndReloadAssembly (410ms)
			LoadAssemblies (74ms)
			RebuildTransferFunctionScriptingTraits (0ms)
			SetupTypeCache (100ms)
			ReleaseScriptCaches (0ms)
			RebuildScriptCaches (23ms)
			SetupLoadedEditorAssemblies (241ms)
				LogAssemblyErrors (0ms)
				InitializePlatformSupportModulesInManaged (7ms)
				SetLoadedEditorAssemblies (0ms)
				RefreshPlugins (72ms)
				BeforeProcessingInitializeOnLoad (1ms)
				ProcessInitializeOnLoadAttributes (120ms)
				ProcessInitializeOnLoadMethodAttributes (41ms)
				AfterProcessingInitializeOnLoad (0ms)
				EditorAssembliesLoaded (0ms)
			ExecutionOrderSort2 (0ms)
			AwakeInstancesAfterBackupRestoration (0ms)
Platform modules already initialized, skipping
Registering precompiled user dll's ...
Registered in 0.006253 seconds.
Begin MonoManager ReloadAssembly
Symbol file LoadedFromMemory doesn't match image C:\Users\Marco\WheelchairSim\Library\PackageCache\com.unity.visualscripting@1.7.6\Editor\VisualScripting.Core\Dependencies\YamlDotNet\Unity.VisualScripting.YamlDotNet.dll
Symbol file LoadedFromMemory is not a mono symbol file
Symbol file LoadedFromMemory doesn't match image C:\Users\Marco\WheelchairSim\Library\PackageCache\com.unity.visualscripting@1.7.6\Editor\VisualScripting.Core\Dependencies\DotNetZip\Unity.VisualScripting.IonicZip.dll
Native extension for WindowsStandalone target not found
Native extension for WebGL target not found
Refreshing native plugins compatible for Editor in 0.60 ms, found 3 plugins.
Preloading 0 native plugins for Editor in 0.00 ms.
Mono: successfully reloaded assembly
- Completed reload, in  0.766 seconds
Domain Reload Profiling:
	ReloadAssembly (767ms)
		BeginReloadAssembly (89ms)
			ExecutionOrderSort (0ms)
			DisableScriptedObjects (5ms)
			BackupInstance (0ms)
			ReleaseScriptingObjects (0ms)
			CreateAndSetChildDomain (16ms)
		EndReloadAssembly (593ms)
			LoadAssemblies (79ms)
			RebuildTransferFunctionScriptingTraits (0ms)
			SetupTypeCache (185ms)
			ReleaseScriptCaches (0ms)
			RebuildScriptCaches (37ms)
			SetupLoadedEditorAssemblies (267ms)
				LogAssemblyErrors (0ms)
				InitializePlatformSupportModulesInManaged (4ms)
				SetLoadedEditorAssemblies (0ms)
				RefreshPlugins (1ms)
				BeforeProcessingInitializeOnLoad (62ms)
				ProcessInitializeOnLoadAttributes (177ms)
				ProcessInitializeOnLoadMethodAttributes (20ms)
				AfterProcessingInitializeOnLoad (3ms)
				EditorAssembliesLoaded (0ms)
			ExecutionOrderSort2 (0ms)
			AwakeInstancesAfterBackupRestoration (4ms)
Platform modules already initialized, skipping
========================================================================
Worker process is ready to serve import requests
Launched and connected shader compiler UnityShaderCompiler.exe after 0.04 seconds
Refreshing native plugins compatible for Editor in 0.61 ms, found 3 plugins.
Preloading 0 native plugins for Editor in 0.00 ms.
Unloading 3278 Unused Serialized files (Serialized files now loaded: 0)
Unloading 23 unused Assets / (112.1 KB). Loaded Objects now: 3740.
Memory consumption went from 115.9 MB to 115.8 MB.
Total: 2.961500 ms (FindLiveObjects: 0.217600 ms CreateObjectMapping: 0.140800 ms MarkObjects: 2.487000 ms  DeleteObjects: 0.115300 ms)

AssetImportParameters requested are different than current active one (requested -> active):
  custom:video-decoder-ogg-theora: a1e56fd34408186e4bbccfd4996cb3dc -> 
  custom:container-muxer-webm: aa71ff27fc2769a1b78a27578f13a17b -> 
  custom:container-demuxer-webm: 4f35f7cbe854078d1ac9338744f61a02 -> 
  custom:video-encoder-webm-vp8: eb34c28f22e8b96e1ab97ce403110664 -> 
  custom:audio-encoder-webm-vorbis: bf7c407c2cedff20999df2af8eb42d56 -> 
  custom:framework-win-MediaFoundation: 216162199b28c13a410421893ffa2e32 -> 
  custom:container-demuxer-ogg: 62fdf1f143b41e24485cea50d1cbac27 -> 
  custom:video-decoder-webm-vp8: 9c59270c3fd7afecdb556c50c9e8de78 -> 
  custom:audio-decoder-ogg-vorbis: bf7c407c2cedff20999df2af8eb42d56 -> 
========================================================================
Received Import Request.
  Time since last request: 1000344.988336 seconds.
  path: Assets/Real Materials/Demo/Models/[arch] Entrance threshold.fbx
  artifactKey: Guid(612b7878cc29b1843a2c69141cd418fd) Importer(815301076,1909f56bfc062723c751e8b465ee728b)
Start importing Assets/Real Materials/Demo/Models/[arch] Entrance threshold.fbx using Guid(612b7878cc29b1843a2c69141cd418fd) Importer(815301076,1909f56bfc062723c751e8b465ee728b)  -> (artifact id: '77c909a30a4073cf4d31dc270ee888d4') in 0.287788 seconds 
========================================================================
Received Import Request.
  Time since last request: 0.000019 seconds.
  path: Assets/Real Materials/Demo/Models/[decor] Metal bars.fbx
  artifactKey: Guid(2e1e471455bd65347ab2aee65314d570) Importer(815301076,1909f56bfc062723c751e8b465ee728b)
Start importing Assets/Real Materials/Demo/Models/[decor] Metal bars.fbx using Guid(2e1e471455bd65347ab2aee65314d570) Importer(815301076,1909f56bfc062723c751e8b465ee728b)  -> (artifact id: '0a6d7bc6a6be42d4c21146f22168b63b') in 0.059515 seconds 
========================================================================
Received Import Request.
  Time since last request: 0.000023 seconds.
  path: Assets/Real Materials/Demo/Models/[decor] Material dummy bended.fbx
  artifactKey: Guid(e1b31fd66f106d945a2f7626bec49eb9) Importer(815301076,1909f56bfc062723c751e8b465ee728b)
Start importing Assets/Real Materials/Demo/Models/[decor] Material dummy bended.fbx using Guid(e1b31fd66f106d945a2f7626bec49eb9) Importer(815301076,1909f56bfc062723c751e8b465ee728b)  -> (artifact id: 'a2ea94afab6da39f36541a4211845cc0') in 0.100473 seconds 
========================================================================
Received Import Request.
  Time since last request: 0.000026 seconds.
  path: Assets/Real Materials/Demo/Models/[decor] Chain.fbx
  artifactKey: Guid(c0f082854f002fb41b98b3c077fc5872) Importer(815301076,1909f56bfc062723c751e8b465ee728b)
Start importing Assets/Real Materials/Demo/Models/[decor] Chain.fbx using Guid(c0f082854f002fb41b98b3c077fc5872) Importer(815301076,1909f56bfc062723c751e8b465ee728b)  -> (artifact id: 'eb7a33cc6ec12740004af44c2e954890') in 0.070128 seconds 
========================================================================
Received Import Request.
  Time since last request: 0.000016 seconds.
  path: Assets/Real Materials/Demo/Models/[decor] Text - volume zero.fbx
  artifactKey: Guid(97618a92511b00944b7faa4adf3bf63b) Importer(815301076,1909f56bfc062723c751e8b465ee728b)
Start importing Assets/Real Materials/Demo/Models/[decor] Text - volume zero.fbx using Guid(97618a92511b00944b7faa4adf3bf63b) Importer(815301076,1909f56bfc062723c751e8b465ee728b)  -> (artifact id: 'e3502a0a64442631f809f5f5962cf09e') in 0.057467 seconds 
========================================================================
Received Import Request.
  Time since last request: 0.000024 seconds.
  path: Assets/Real Materials/Demo/Models/[decor] Sheet of metal.fbx
  artifactKey: Guid(5becd8dee7d5ae647bdcaab1b5f9d876) Importer(815301076,1909f56bfc062723c751e8b465ee728b)
Start importing Assets/Real Materials/Demo/Models/[decor] Sheet of metal.fbx using Guid(5becd8dee7d5ae647bdcaab1b5f9d876) Importer(815301076,1909f56bfc062723c751e8b465ee728b)  -> (artifact id: '1fcb3671dfc492b153bc5593bdc78eb8') in 0.050426 seconds 
========================================================================
Received Import Request.
  Time since last request: 0.000024 seconds.
  path: Assets/Real Materials/Demo/Models/[arch] Ocean.fbx
  artifactKey: Guid(8e85645d486ec37498ed2fe8cad7487b) Importer(815301076,1909f56bfc062723c751e8b465ee728b)
Start importing Assets/Real Materials/Demo/Models/[arch] Ocean.fbx using Guid(8e85645d486ec37498ed2fe8cad7487b) Importer(815301076,1909f56bfc062723c751e8b465ee728b)  -> (artifact id: '011aa0a41e96549188b45eeca15f07bf') in 0.101429 seconds 
========================================================================
Received Import Request.
  Time since last request: 0.000016 seconds.
  path: Assets/Real Materials/Demo/Models/[arch] Platform flowerbed.fbx
  artifactKey: Guid(605203e83d9d265499f2cf1b5bf38326) Importer(815301076,1909f56bfc062723c751e8b465ee728b)
Start importing Assets/Real Materials/Demo/Models/[arch] Platform flowerbed.fbx using Guid(605203e83d9d265499f2cf1b5bf38326) Importer(815301076,1909f56bfc062723c751e8b465ee728b)  -> (artifact id: 'aaa155b1f4a47b27ee24ec7d8a2e84ac') in 0.035213 seconds 
========================================================================
Received Import Request.
  Time since last request: 0.000015 seconds.
  path: Assets/Real Materials/Demo/Models/[decor] Gear small.fbx
  artifactKey: Guid(46d02639aa8faeb448d064759c4001bd) Importer(815301076,1909f56bfc062723c751e8b465ee728b)
Start importing Assets/Real Materials/Demo/Models/[decor] Gear small.fbx using Guid(46d02639aa8faeb448d064759c4001bd) Importer(815301076,1909f56bfc062723c751e8b465ee728b)  -> (artifact id: '11ff5a871231d5b34803fbcc5cdde320') in 0.054907 seconds 
========================================================================
Received Import Request.
  Time since last request: 8.340572 seconds.
  path: Assets/Real Materials/Demo/Materials/Bush branches.mat
  artifactKey: Guid(fc1320a94b163144d8972ce2b2ebfccb) Importer(815301076,1909f56bfc062723c751e8b465ee728b)
Start importing Assets/Real Materials/Demo/Materials/Bush branches.mat using Guid(fc1320a94b163144d8972ce2b2ebfccb) Importer(815301076,1909f56bfc062723c751e8b465ee728b)  -> (artifact id: 'aa1585f04939ed41c1e9e4d4ec4b7b41') in 0.267141 seconds 
========================================================================
Received Import Request.
  Time since last request: 0.000023 seconds.
  path: Assets/Real Materials/Demo/Materials/Tree generic bark A.mat
  artifactKey: Guid(d18101e8b15e9714da68858d55e1094c) Importer(815301076,1909f56bfc062723c751e8b465ee728b)
Start importing Assets/Real Materials/Demo/Materials/Tree generic bark A.mat using Guid(d18101e8b15e9714da68858d55e1094c) Importer(815301076,1909f56bfc062723c751e8b465ee728b)  -> (artifact id: 'ff415f25a95ff618c8d7086a508043b1') in 0.153811 seconds 
========================================================================
Received Import Request.
  Time since last request: 0.000024 seconds.
  path: Assets/Real Materials/Demo/Materials/Welcome sign.mat
  artifactKey: Guid(92c7137d792ec034098158544dd07e69) Importer(815301076,1909f56bfc062723c751e8b465ee728b)
Start importing Assets/Real Materials/Demo/Materials/Welcome sign.mat using Guid(92c7137d792ec034098158544dd07e69) Importer(815301076,1909f56bfc062723c751e8b465ee728b)  -> (artifact id: 'd093327c3717c37bcc00c3f1b52f3158') in 0.087617 seconds 
========================================================================
Received Import Request.
  Time since last request: 0.000021 seconds.
  path: Assets/Real Materials/Demo/Materials/Ocean bed.mat
  artifactKey: Guid(9201a71990ef09e43832e3712d93d5c1) Importer(815301076,1909f56bfc062723c751e8b465ee728b)
Start importing Assets/Real Materials/Demo/Materials/Ocean bed.mat using Guid(9201a71990ef09e43832e3712d93d5c1) Importer(815301076,1909f56bfc062723c751e8b465ee728b)  -> (artifact id: 'a49a6a10cf21fd84ead8e267b7668052') in 0.098430 seconds 
========================================================================
Received Import Request.
  Time since last request: 0.000023 seconds.
  path: Assets/Real Materials/Demo/Materials/Tree tiny decorative bark.mat
  artifactKey: Guid(7c3a0887ecbbc604392ad31a207f6ef3) Importer(815301076,1909f56bfc062723c751e8b465ee728b)
Start importing Assets/Real Materials/Demo/Materials/Tree tiny decorative bark.mat using Guid(7c3a0887ecbbc604392ad31a207f6ef3) Importer(815301076,1909f56bfc062723c751e8b465ee728b)  -> (artifact id: '37e7e0c4f0a67360e2d91d84784e9242') in 0.023854 seconds 
========================================================================
Received Import Request.
  Time since last request: 0.000023 seconds.
  path: Assets/Real Materials/Demo/Materials/Tree generic bark D.mat
  artifactKey: Guid(089402de84d26764abff60163f510350) Importer(815301076,1909f56bfc062723c751e8b465ee728b)
Start importing Assets/Real Materials/Demo/Materials/Tree generic bark D.mat using Guid(089402de84d26764abff60163f510350) Importer(815301076,1909f56bfc062723c751e8b465ee728b)  -> (artifact id: '9561204f87260b0efc44c908c0169a58') in 0.014448 seconds 
========================================================================
Received Import Request.
  Time since last request: 0.000020 seconds.
  path: Assets/Real Materials/Demo/Materials/Tree tiny decorative foliage.mat
  artifactKey: Guid(277ab932a4ce1f3458d9cf9351f4ad6c) Importer(815301076,1909f56bfc062723c751e8b465ee728b)
Start importing Assets/Real Materials/Demo/Materials/Tree tiny decorative foliage.mat using Guid(277ab932a4ce1f3458d9cf9351f4ad6c) Importer(815301076,1909f56bfc062723c751e8b465ee728b)  -> (artifact id: '87e9cd2996adad4e22be12fcda163274') in 0.446941 seconds 
Editor requested this worker to shutdown with reason: Scaling down because of idle timeout
AssetImportWorker is now disconnected from the server
Process exiting
Exiting without the bug reporter. Application will terminate with return code 0