Using pre-set license
Built from '2021.3/staging' branch; Version is '2021.3.1f1 (3b70a0754835) revision 3895456'; Using compiler version '192829333'; Build Type 'Release'
OS: 'Windows 10  (10.0.19043) 64bit Core' Language: 'en' Physical Memory: 16299 MB
BatchMode: 1, IsHumanControllingUs: 0, StartBugReporterOnCrash: 0, Is64bit: 1, IsPro: 1

COMMAND LINE ARGUMENTS:
D:\Unity\2021.3.1f1\Editor\Unity.exe
-adb2
-batchMode
-noUpm
-name
AssetImportWorker8
-projectPath
C:/Users/Marco/WheelchairSim
-logFile
Logs/AssetImportWorker8.log
-srvPort
53897
Successfully changed project path to: C:/Users/Marco/WheelchairSim
C:/Users/Marco/WheelchairSim
[UnityMemory] Configuration Parameters - Can be set up in boot.config
    "memorysetup-bucket-allocator-granularity=16"
    "memorysetup-bucket-allocator-bucket-count=8"
    "memorysetup-bucket-allocator-block-size=33554432"
    "memorysetup-bucket-allocator-block-count=8"
    "memorysetup-main-allocator-block-size=16777216"
    "memorysetup-thread-allocator-block-size=16777216"
    "memorysetup-gfx-main-allocator-block-size=16777216"
    "memorysetup-gfx-thread-allocator-block-size=16777216"
    "memorysetup-cache-allocator-block-size=4194304"
    "memorysetup-typetree-allocator-block-size=2097152"
    "memorysetup-profiler-bucket-allocator-granularity=16"
    "memorysetup-profiler-bucket-allocator-bucket-count=8"
    "memorysetup-profiler-bucket-allocator-block-size=33554432"
    "memorysetup-profiler-bucket-allocator-block-count=8"
    "memorysetup-profiler-allocator-block-size=16777216"
    "memorysetup-profiler-editor-allocator-block-size=1048576"
    "memorysetup-temp-allocator-size-main=16777216"
    "memorysetup-job-temp-allocator-block-size=2097152"
    "memorysetup-job-temp-allocator-block-size-background=1048576"
    "memorysetup-job-temp-allocator-reduction-small-platforms=262144"
    "memorysetup-temp-allocator-size-background-worker=32768"
    "memorysetup-temp-allocator-size-job-worker=262144"
    "memorysetup-temp-allocator-size-preload-manager=33554432"
    "memorysetup-temp-allocator-size-nav-mesh-worker=65536"
    "memorysetup-temp-allocator-size-audio-worker=65536"
    "memorysetup-temp-allocator-size-cloud-worker=32768"
    "memorysetup-temp-allocator-size-gi-baking-worker=262144"
    "memorysetup-temp-allocator-size-gfx=262144"
Refreshing native plugins compatible for Editor in 76.32 ms, found 3 plugins.
Preloading 0 native plugins for Editor in 0.00 ms.
Initialize engine version: 2021.3.1f1 (3b70a0754835)
[Subsystems] Discovering subsystems at path D:/Unity/2021.3.1f1/Editor/Data/Resources/UnitySubsystems
[Subsystems] Discovering subsystems at path C:/Users/Marco/WheelchairSim/Assets
GfxDevice: creating device client; threaded=0; jobified=0
Direct3D:
    Version:  Direct3D 11.0 [level 11.1]
    Renderer: NVIDIA GeForce RTX 3070 (ID=0x2484)
    Vendor:   NVIDIA
    VRAM:     8043 MB
    Driver:   30.0.14.9649
Initialize mono
Mono path[0] = 'D:/Unity/2021.3.1f1/Editor/Data/Managed'
Mono path[1] = 'D:/Unity/2021.3.1f1/Editor/Data/MonoBleedingEdge/lib/mono/unityjit-win32'
Mono config path = 'D:/Unity/2021.3.1f1/Editor/Data/MonoBleedingEdge/etc'
Using monoOptions --debugger-agent=transport=dt_socket,embedding=1,server=y,suspend=n,address=127.0.0.1:56236
Begin MonoManager ReloadAssembly
Registering precompiled unity dll's ...
Register platform support module: D:/Unity/2021.3.1f1/Editor/Data/PlaybackEngines/WebGLSupport/UnityEditor.WebGL.Extensions.dll
Register platform support module: D:/Unity/2021.3.1f1/Editor/Data/PlaybackEngines/WindowsStandaloneSupport/UnityEditor.WindowsStandalone.Extensions.dll
Registered in 0.002897 seconds.
Native extension for WindowsStandalone target not found
Native extension for WebGL target not found
Refreshing native plugins compatible for Editor in 67.98 ms, found 3 plugins.
Preloading 0 native plugins for Editor in 0.00 ms.
Mono: successfully reloaded assembly
- Completed reload, in  0.550 seconds
Domain Reload Profiling:
	ReloadAssembly (551ms)
		BeginReloadAssembly (71ms)
			ExecutionOrderSort (0ms)
			DisableScriptedObjects (0ms)
			BackupInstance (0ms)
			ReleaseScriptingObjects (0ms)
			CreateAndSetChildDomain (1ms)
		EndReloadAssembly (386ms)
			LoadAssemblies (70ms)
			RebuildTransferFunctionScriptingTraits (0ms)
			SetupTypeCache (99ms)
			ReleaseScriptCaches (0ms)
			RebuildScriptCaches (21ms)
			SetupLoadedEditorAssemblies (229ms)
				LogAssemblyErrors (0ms)
				InitializePlatformSupportModulesInManaged (6ms)
				SetLoadedEditorAssemblies (0ms)
				RefreshPlugins (68ms)
				BeforeProcessingInitializeOnLoad (1ms)
				ProcessInitializeOnLoadAttributes (116ms)
				ProcessInitializeOnLoadMethodAttributes (37ms)
				AfterProcessingInitializeOnLoad (0ms)
				EditorAssembliesLoaded (0ms)
			ExecutionOrderSort2 (0ms)
			AwakeInstancesAfterBackupRestoration (0ms)
Platform modules already initialized, skipping
Registering precompiled user dll's ...
Registered in 0.004119 seconds.
Begin MonoManager ReloadAssembly
Symbol file LoadedFromMemory doesn't match image C:\Users\Marco\WheelchairSim\Library\PackageCache\com.unity.visualscripting@1.7.6\Editor\VisualScripting.Core\Dependencies\YamlDotNet\Unity.VisualScripting.YamlDotNet.dll
Symbol file LoadedFromMemory is not a mono symbol file
Symbol file LoadedFromMemory doesn't match image C:\Users\Marco\WheelchairSim\Library\PackageCache\com.unity.visualscripting@1.7.6\Editor\VisualScripting.Core\Dependencies\DotNetZip\Unity.VisualScripting.IonicZip.dll
Native extension for WindowsStandalone target not found
Native extension for WebGL target not found
Refreshing native plugins compatible for Editor in 0.55 ms, found 3 plugins.
Preloading 0 native plugins for Editor in 0.00 ms.
Mono: successfully reloaded assembly
- Completed reload, in  0.771 seconds
Domain Reload Profiling:
	ReloadAssembly (772ms)
		BeginReloadAssembly (87ms)
			ExecutionOrderSort (0ms)
			DisableScriptedObjects (4ms)
			BackupInstance (0ms)
			ReleaseScriptingObjects (0ms)
			CreateAndSetChildDomain (16ms)
		EndReloadAssembly (601ms)
			LoadAssemblies (76ms)
			RebuildTransferFunctionScriptingTraits (0ms)
			SetupTypeCache (189ms)
			ReleaseScriptCaches (0ms)
			RebuildScriptCaches (37ms)
			SetupLoadedEditorAssemblies (271ms)
				LogAssemblyErrors (0ms)
				InitializePlatformSupportModulesInManaged (4ms)
				SetLoadedEditorAssemblies (0ms)
				RefreshPlugins (1ms)
				BeforeProcessingInitializeOnLoad (59ms)
				ProcessInitializeOnLoadAttributes (186ms)
				ProcessInitializeOnLoadMethodAttributes (18ms)
				AfterProcessingInitializeOnLoad (2ms)
				EditorAssembliesLoaded (0ms)
			ExecutionOrderSort2 (0ms)
			AwakeInstancesAfterBackupRestoration (4ms)
Platform modules already initialized, skipping
========================================================================
Worker process is ready to serve import requests
Launched and connected shader compiler UnityShaderCompiler.exe after 0.04 seconds
Refreshing native plugins compatible for Editor in 1.18 ms, found 3 plugins.
Preloading 0 native plugins for Editor in 0.00 ms.
Unloading 3278 Unused Serialized files (Serialized files now loaded: 0)
Unloading 23 unused Assets / (112.1 KB). Loaded Objects now: 3740.
Memory consumption went from 115.9 MB to 115.8 MB.
Total: 2.544400 ms (FindLiveObjects: 0.201000 ms CreateObjectMapping: 0.113800 ms MarkObjects: 2.138200 ms  DeleteObjects: 0.090900 ms)

AssetImportParameters requested are different than current active one (requested -> active):
  custom:video-decoder-ogg-theora: a1e56fd34408186e4bbccfd4996cb3dc -> 
  custom:container-muxer-webm: aa71ff27fc2769a1b78a27578f13a17b -> 
  custom:container-demuxer-webm: 4f35f7cbe854078d1ac9338744f61a02 -> 
  custom:video-encoder-webm-vp8: eb34c28f22e8b96e1ab97ce403110664 -> 
  custom:audio-encoder-webm-vorbis: bf7c407c2cedff20999df2af8eb42d56 -> 
  custom:framework-win-MediaFoundation: 216162199b28c13a410421893ffa2e32 -> 
  custom:container-demuxer-ogg: 62fdf1f143b41e24485cea50d1cbac27 -> 
  custom:video-decoder-webm-vp8: 9c59270c3fd7afecdb556c50c9e8de78 -> 
  custom:audio-decoder-ogg-vorbis: bf7c407c2cedff20999df2af8eb42d56 -> 
========================================================================
Received Import Request.
  Time since last request: 1000321.386593 seconds.
  path: Assets/Real Materials/Demo
  artifactKey: Guid(466ff2fca14e76b4a96f39d948a30173) Importer(815301076,1909f56bfc062723c751e8b465ee728b)
Start importing Assets/Real Materials/Demo using Guid(466ff2fca14e76b4a96f39d948a30173) Importer(815301076,1909f56bfc062723c751e8b465ee728b)  -> (artifact id: '6351d5599d73333a79466522fd3819cc') in 0.009440 seconds 
========================================================================
Received Import Request.
  Time since last request: 2.116780 seconds.
  path: Assets/Real Materials/Demo/Scripts
  artifactKey: Guid(cccfe474cb26d1a41b5b2c2c326879d5) Importer(815301076,1909f56bfc062723c751e8b465ee728b)
Start importing Assets/Real Materials/Demo/Scripts using Guid(cccfe474cb26d1a41b5b2c2c326879d5) Importer(815301076,1909f56bfc062723c751e8b465ee728b)  -> (artifact id: '38ebda8e7811b2fd5923d820f43ca67e') in 0.004486 seconds 
========================================================================
Received Import Request.
  Time since last request: 1.076098 seconds.
  path: Assets/Real Materials/Demo/Scripts/Camera_WASD_movement.cs
  artifactKey: Guid(6d39954bee789f04883a9056dc00ffb0) Importer(815301076,1909f56bfc062723c751e8b465ee728b)
Start importing Assets/Real Materials/Demo/Scripts/Camera_WASD_movement.cs using Guid(6d39954bee789f04883a9056dc00ffb0) Importer(815301076,1909f56bfc062723c751e8b465ee728b)  -> (artifact id: 'a89117f251c8a0445675b097ac37e457') in 0.041008 seconds 
========================================================================
Received Import Request.
  Time since last request: 16.439961 seconds.
  path: Assets/Real Materials/Demo/Post-processing profile
  artifactKey: Guid(fbbde6aa1365fee42bd07f915940136c) Importer(815301076,1909f56bfc062723c751e8b465ee728b)
Start importing Assets/Real Materials/Demo/Post-processing profile using Guid(fbbde6aa1365fee42bd07f915940136c) Importer(815301076,1909f56bfc062723c751e8b465ee728b)  -> (artifact id: 'e587a54219c2d3592a4557d9c3f1350c') in 0.004951 seconds 
========================================================================
Received Import Request.
  Time since last request: 0.058169 seconds.
  path: Assets/Real Materials/Demo/Post-processing profile/Real Materials default [for Post-Processing Stack v2].asset
  artifactKey: Guid(885d2dc1421c9fa438a937adf888a075) Importer(815301076,1909f56bfc062723c751e8b465ee728b)
Start importing Assets/Real Materials/Demo/Post-processing profile/Real Materials default [for Post-Processing Stack v2].asset using Guid(885d2dc1421c9fa438a937adf888a075) Importer(815301076,1909f56bfc062723c751e8b465ee728b)  -> (artifact id: 'b993c0029cbe4130e3512f0413d0c6ac') in 0.007642 seconds 
========================================================================
Received Import Request.
  Time since last request: 3.629201 seconds.
  path: Assets/Real Materials/Demo/Models/[arch] Abstract shapes.fbx
  artifactKey: Guid(151f3d0b86ff70e40907d6c1c419c200) Importer(815301076,1909f56bfc062723c751e8b465ee728b)
Start importing Assets/Real Materials/Demo/Models/[arch] Abstract shapes.fbx using Guid(151f3d0b86ff70e40907d6c1c419c200) Importer(815301076,1909f56bfc062723c751e8b465ee728b)  -> (artifact id: 'e85fad20d702661c3c2d9eb874c2ce8d') in 0.487055 seconds 
========================================================================
Received Import Request.
  Time since last request: 0.000023 seconds.
  path: Assets/Real Materials/Demo/Models/[foliage] Tree generic C.fbx
  artifactKey: Guid(a9db91b718ec0c14ea06b25ff71cb7fa) Importer(815301076,1909f56bfc062723c751e8b465ee728b)
Start importing Assets/Real Materials/Demo/Models/[foliage] Tree generic C.fbx using Guid(a9db91b718ec0c14ea06b25ff71cb7fa) Importer(815301076,1909f56bfc062723c751e8b465ee728b)  -> (artifact id: 'b24e62482208e5faff96fdbd5d6c1cb1') in 0.089102 seconds 
========================================================================
Received Import Request.
  Time since last request: 0.000022 seconds.
  path: Assets/Real Materials/Demo/Models/[weapon] Bomb classic.fbx
  artifactKey: Guid(ade5f795105993840898452126b8140e) Importer(815301076,1909f56bfc062723c751e8b465ee728b)
Start importing Assets/Real Materials/Demo/Models/[weapon] Bomb classic.fbx using Guid(ade5f795105993840898452126b8140e) Importer(815301076,1909f56bfc062723c751e8b465ee728b)  -> (artifact id: '28b3fc3faeaf82c78a3c188507b95151') in 0.080203 seconds 
========================================================================
Received Import Request.
  Time since last request: 0.000019 seconds.
  path: Assets/Real Materials/Demo/Models/[decor] Column stem flat style.fbx
  artifactKey: Guid(fb072de0798faef4783ab196adc82455) Importer(815301076,1909f56bfc062723c751e8b465ee728b)
Start importing Assets/Real Materials/Demo/Models/[decor] Column stem flat style.fbx using Guid(fb072de0798faef4783ab196adc82455) Importer(815301076,1909f56bfc062723c751e8b465ee728b)  -> (artifact id: '99b1c315640e339a090ccffa2b231773') in 0.052010 seconds 
========================================================================
Received Import Request.
  Time since last request: 0.000015 seconds.
  path: Assets/Real Materials/Demo/Models/[decor] Text - series.fbx
  artifactKey: Guid(753a897b1c6c0c64a9bdcd051844a5fa) Importer(815301076,1909f56bfc062723c751e8b465ee728b)
Start importing Assets/Real Materials/Demo/Models/[decor] Text - series.fbx using Guid(753a897b1c6c0c64a9bdcd051844a5fa) Importer(815301076,1909f56bfc062723c751e8b465ee728b)  -> (artifact id: '2fd1a1bbad61cff4ea0badb93ced7828') in 0.069787 seconds 
========================================================================
Received Import Request.
  Time since last request: 0.000019 seconds.
  path: Assets/Real Materials/Demo/Models/[decor] Column top flat style.fbx
  artifactKey: Guid(ea82d6b465b218948b455036bb4a7bed) Importer(815301076,1909f56bfc062723c751e8b465ee728b)
Start importing Assets/Real Materials/Demo/Models/[decor] Column top flat style.fbx using Guid(ea82d6b465b218948b455036bb4a7bed) Importer(815301076,1909f56bfc062723c751e8b465ee728b)  -> (artifact id: 'e6ae6d00c663edc9b3f8c287a73ca9b4') in 0.058674 seconds 
========================================================================
Received Import Request.
  Time since last request: 0.000028 seconds.
  path: Assets/Real Materials/Demo/Models/[decor] Information panel block.fbx
  artifactKey: Guid(b1f25cb7825c4ac489d1df10177d26d3) Importer(815301076,1909f56bfc062723c751e8b465ee728b)
Start importing Assets/Real Materials/Demo/Models/[decor] Information panel block.fbx using Guid(b1f25cb7825c4ac489d1df10177d26d3) Importer(815301076,1909f56bfc062723c751e8b465ee728b)  -> (artifact id: 'dc41905feb3ca94b5713426ab559c157') in 0.048808 seconds 
========================================================================
Received Import Request.
  Time since last request: 0.000024 seconds.
  path: Assets/Real Materials/Demo/Models/[foliage] Tree generic B.fbx
  artifactKey: Guid(bd61f35ab40b83146ab928e05ccf8aa9) Importer(815301076,1909f56bfc062723c751e8b465ee728b)
Start importing Assets/Real Materials/Demo/Models/[foliage] Tree generic B.fbx using Guid(bd61f35ab40b83146ab928e05ccf8aa9) Importer(815301076,1909f56bfc062723c751e8b465ee728b)  -> (artifact id: '248916bd77e4b5f2ef51680053b5dd24') in 0.043622 seconds 
========================================================================
Received Import Request.
  Time since last request: 0.000016 seconds.
  path: Assets/Real Materials/Demo/Models/[decor] Material dummy rectangular.fbx
  artifactKey: Guid(95221cb4cdf360d468fb066b2ba7be10) Importer(815301076,1909f56bfc062723c751e8b465ee728b)
Start importing Assets/Real Materials/Demo/Models/[decor] Material dummy rectangular.fbx using Guid(95221cb4cdf360d468fb066b2ba7be10) Importer(815301076,1909f56bfc062723c751e8b465ee728b)  -> (artifact id: '1ab5ef270a471e94ea3a0fe4eaa8fe6b') in 0.062073 seconds 
========================================================================
Received Import Request.
  Time since last request: 8.359147 seconds.
  path: Assets/Real Materials/Demo/Materials/!Physbox.mat
  artifactKey: Guid(5db83ef9ae9398e4db3e18bafacfb7a6) Importer(815301076,1909f56bfc062723c751e8b465ee728b)
Start importing Assets/Real Materials/Demo/Materials/!Physbox.mat using Guid(5db83ef9ae9398e4db3e18bafacfb7a6) Importer(815301076,1909f56bfc062723c751e8b465ee728b)  -> (artifact id: '4994fc1891bbf8e4a188998055929597') in 0.027122 seconds 
========================================================================
Received Import Request.
  Time since last request: 0.000036 seconds.
  path: Assets/Real Materials/Demo/Materials/Water ocean.mat
  artifactKey: Guid(6f014415b77da9744a5940db205a57d2) Importer(815301076,1909f56bfc062723c751e8b465ee728b)
Start importing Assets/Real Materials/Demo/Materials/Water ocean.mat using Guid(6f014415b77da9744a5940db205a57d2) Importer(815301076,1909f56bfc062723c751e8b465ee728b)  -> (artifact id: 'd023c9793d728e44dc57e4e3f8659155') in 0.164569 seconds 
========================================================================
Received Import Request.
  Time since last request: 0.000024 seconds.
  path: Assets/Real Materials/Demo/Materials/Tree generic bark.mat
  artifactKey: Guid(670cc628d3ebe1b4abb2309eafbea434) Importer(815301076,1909f56bfc062723c751e8b465ee728b)
Start importing Assets/Real Materials/Demo/Materials/Tree generic bark.mat using Guid(670cc628d3ebe1b4abb2309eafbea434) Importer(815301076,1909f56bfc062723c751e8b465ee728b)  -> (artifact id: '5d46134c616f9133894bef838b71f366') in 0.116316 seconds 
========================================================================
Received Import Request.
  Time since last request: 0.000024 seconds.
  path: Assets/Real Materials/Demo/Materials/Foliage green_GIPROXY.mat
  artifactKey: Guid(6ccdd67b5c0c2dc418130ed437c2b4f0) Importer(815301076,1909f56bfc062723c751e8b465ee728b)
Start importing Assets/Real Materials/Demo/Materials/Foliage green_GIPROXY.mat using Guid(6ccdd67b5c0c2dc418130ed437c2b4f0) Importer(815301076,1909f56bfc062723c751e8b465ee728b)  -> (artifact id: '0d53d4c36e5bc8f396a308283879155a') in 0.011504 seconds 
========================================================================
Received Import Request.
  Time since last request: 0.000023 seconds.
  path: Assets/Real Materials/Demo/Materials/Grass generic cut.mat
  artifactKey: Guid(d5b8b1d76e2764a4a8c568409e29f730) Importer(815301076,1909f56bfc062723c751e8b465ee728b)
Start importing Assets/Real Materials/Demo/Materials/Grass generic cut.mat using Guid(d5b8b1d76e2764a4a8c568409e29f730) Importer(815301076,1909f56bfc062723c751e8b465ee728b)  -> (artifact id: '01626a5a5e8ccdc8c103502f9d24225d') in 0.453541 seconds 
========================================================================
Received Import Request.
  Time since last request: 0.000023 seconds.
  path: Assets/Real Materials/Demo/Materials/Tree generic leaves GI outer.mat
  artifactKey: Guid(07fa7aff0dfa45a4cb3f0e2c58db2dad) Importer(815301076,1909f56bfc062723c751e8b465ee728b)
Start importing Assets/Real Materials/Demo/Materials/Tree generic leaves GI outer.mat using Guid(07fa7aff0dfa45a4cb3f0e2c58db2dad) Importer(815301076,1909f56bfc062723c751e8b465ee728b)  -> (artifact id: '411b83d40972a5b8544d5082fe6315c9') in 0.013184 seconds 
========================================================================
Received Import Request.
  Time since last request: 0.000030 seconds.
  path: Assets/Real Materials/Demo/Materials/Tree generic bark B.mat
  artifactKey: Guid(75b561cffd84f054d88109f343c92f77) Importer(815301076,1909f56bfc062723c751e8b465ee728b)
Start importing Assets/Real Materials/Demo/Materials/Tree generic bark B.mat using Guid(75b561cffd84f054d88109f343c92f77) Importer(815301076,1909f56bfc062723c751e8b465ee728b)  -> (artifact id: '18c750a177cb28f7a3e809315f7c5ee6') in 0.017974 seconds 
========================================================================
Received Import Request.
  Time since last request: 16.637438 seconds.
  path: Assets/Real Materials/Demo/Textures/[HDRi] Skybox semi-overcast.exr
  artifactKey: Guid(ff56553aaf7e7f44a9fdb99b1c81fefb) Importer(815301076,1909f56bfc062723c751e8b465ee728b)
Start importing Assets/Real Materials/Demo/Textures/[HDRi] Skybox semi-overcast.exr using Guid(ff56553aaf7e7f44a9fdb99b1c81fefb) Importer(815301076,1909f56bfc062723c751e8b465ee728b)  -> (artifact id: 'a956ee8e28d5f322e74a5990bde176a0') in 0.059754 seconds 
========================================================================
Received Import Request.
  Time since last request: 30.677347 seconds.
  path: Assets/Materials/YughuesFreeMetalMaterials/Demo/DEMO_YFMM_SphereMesh.FBX
  artifactKey: Guid(4f949ae83a043c64d9ee5d95fc9db193) Importer(815301076,1909f56bfc062723c751e8b465ee728b)
Start importing Assets/Materials/YughuesFreeMetalMaterials/Demo/DEMO_YFMM_SphereMesh.FBX using Guid(4f949ae83a043c64d9ee5d95fc9db193) Importer(815301076,1909f56bfc062723c751e8b465ee728b)  -> (artifact id: 'd2ce59cf7728199e59c62864421874ad') in 0.018719 seconds 
========================================================================
Received Prepare
Registering precompiled user dll's ...
Registered in 0.004159 seconds.
Begin MonoManager ReloadAssembly
Symbol file LoadedFromMemory doesn't match image C:\Users\Marco\WheelchairSim\Library\PackageCache\com.unity.visualscripting@1.7.6\Editor\VisualScripting.Core\Dependencies\YamlDotNet\Unity.VisualScripting.YamlDotNet.dll
Symbol file LoadedFromMemory is not a mono symbol file
Symbol file LoadedFromMemory doesn't match image C:\Users\Marco\WheelchairSim\Library\PackageCache\com.unity.visualscripting@1.7.6\Editor\VisualScripting.Core\Dependencies\DotNetZip\Unity.VisualScripting.IonicZip.dll
Native extension for WindowsStandalone target not found
Native extension for WebGL target not found
Refreshing native plugins compatible for Editor in 0.78 ms, found 3 plugins.
Preloading 0 native plugins for Editor in 0.00 ms.
Mono: successfully reloaded assembly
- Completed reload, in  0.690 seconds
Domain Reload Profiling:
	ReloadAssembly (690ms)
		BeginReloadAssembly (97ms)
			ExecutionOrderSort (0ms)
			DisableScriptedObjects (3ms)
			BackupInstance (0ms)
			ReleaseScriptingObjects (0ms)
			CreateAndSetChildDomain (27ms)
		EndReloadAssembly (532ms)
			LoadAssemblies (63ms)
			RebuildTransferFunctionScriptingTraits (0ms)
			SetupTypeCache (178ms)
			ReleaseScriptCaches (1ms)
			RebuildScriptCaches (32ms)
			SetupLoadedEditorAssemblies (223ms)
				LogAssemblyErrors (0ms)
				InitializePlatformSupportModulesInManaged (13ms)
				SetLoadedEditorAssemblies (0ms)
				RefreshPlugins (1ms)
				BeforeProcessingInitializeOnLoad (44ms)
				ProcessInitializeOnLoadAttributes (146ms)
				ProcessInitializeOnLoadMethodAttributes (16ms)
				AfterProcessingInitializeOnLoad (2ms)
				EditorAssembliesLoaded (0ms)
			ExecutionOrderSort2 (0ms)
			AwakeInstancesAfterBackupRestoration (4ms)
Platform modules already initialized, skipping
Refreshing native plugins compatible for Editor in 1.52 ms, found 3 plugins.
Preloading 0 native plugins for Editor in 0.00 ms.
Unloading 3260 Unused Serialized files (Serialized files now loaded: 0)
Unloading 16 unused Assets / (79.1 KB). Loaded Objects now: 3791.
Memory consumption went from 124.1 MB to 124.0 MB.
Total: 2.528700 ms (FindLiveObjects: 0.193100 ms CreateObjectMapping: 0.108100 ms MarkObjects: 2.161700 ms  DeleteObjects: 0.065300 ms)

AssetImportParameters requested are different than current active one (requested -> active):
  custom:video-decoder-ogg-theora: a1e56fd34408186e4bbccfd4996cb3dc -> 
  custom:container-muxer-webm: aa71ff27fc2769a1b78a27578f13a17b -> 
  custom:container-demuxer-webm: 4f35f7cbe854078d1ac9338744f61a02 -> 
  custom:video-encoder-webm-vp8: eb34c28f22e8b96e1ab97ce403110664 -> 
  custom:audio-encoder-webm-vorbis: bf7c407c2cedff20999df2af8eb42d56 -> 
  custom:framework-win-MediaFoundation: 216162199b28c13a410421893ffa2e32 -> 
  custom:container-demuxer-ogg: 62fdf1f143b41e24485cea50d1cbac27 -> 
  custom:video-decoder-webm-vp8: 9c59270c3fd7afecdb556c50c9e8de78 -> 
  custom:audio-decoder-ogg-vorbis: bf7c407c2cedff20999df2af8eb42d56 -> 
========================================================================
Received Prepare
Registering precompiled user dll's ...
Registered in 0.004124 seconds.
Begin MonoManager ReloadAssembly
Symbol file LoadedFromMemory doesn't match image C:\Users\Marco\WheelchairSim\Library\PackageCache\com.unity.visualscripting@1.7.6\Editor\VisualScripting.Core\Dependencies\YamlDotNet\Unity.VisualScripting.YamlDotNet.dll
Symbol file LoadedFromMemory is not a mono symbol file
Symbol file LoadedFromMemory doesn't match image C:\Users\Marco\WheelchairSim\Library\PackageCache\com.unity.visualscripting@1.7.6\Editor\VisualScripting.Core\Dependencies\DotNetZip\Unity.VisualScripting.IonicZip.dll
Native extension for WindowsStandalone target not found
Native extension for WebGL target not found
Refreshing native plugins compatible for Editor in 0.78 ms, found 3 plugins.
Preloading 0 native plugins for Editor in 0.00 ms.
Mono: successfully reloaded assembly
- Completed reload, in  1.104 seconds
Domain Reload Profiling:
	ReloadAssembly (1109ms)
		BeginReloadAssembly (408ms)
			ExecutionOrderSort (0ms)
			DisableScriptedObjects (25ms)
			BackupInstance (0ms)
			ReleaseScriptingObjects (0ms)
			CreateAndSetChildDomain (160ms)
		EndReloadAssembly (619ms)
			LoadAssemblies (135ms)
			RebuildTransferFunctionScriptingTraits (0ms)
			SetupTypeCache (194ms)
			ReleaseScriptCaches (1ms)
			RebuildScriptCaches (35ms)
			SetupLoadedEditorAssemblies (246ms)
				LogAssemblyErrors (0ms)
				InitializePlatformSupportModulesInManaged (12ms)
				SetLoadedEditorAssemblies (1ms)
				RefreshPlugins (1ms)
				BeforeProcessingInitializeOnLoad (49ms)
				ProcessInitializeOnLoadAttributes (162ms)
				ProcessInitializeOnLoadMethodAttributes (19ms)
				AfterProcessingInitializeOnLoad (2ms)
				EditorAssembliesLoaded (0ms)
			ExecutionOrderSort2 (0ms)
			AwakeInstancesAfterBackupRestoration (5ms)
Platform modules already initialized, skipping
Refreshing native plugins compatible for Editor in 1.58 ms, found 3 plugins.
Preloading 0 native plugins for Editor in 0.00 ms.
Unloading 3260 Unused Serialized files (Serialized files now loaded: 0)
Unloading 16 unused Assets / (79.0 KB). Loaded Objects now: 3794.
Memory consumption went from 124.1 MB to 124.0 MB.
Total: 37.896600 ms (FindLiveObjects: 0.226800 ms CreateObjectMapping: 0.123100 ms MarkObjects: 37.352400 ms  DeleteObjects: 0.193200 ms)

AssetImportParameters requested are different than current active one (requested -> active):
  custom:video-decoder-ogg-theora: a1e56fd34408186e4bbccfd4996cb3dc -> 
  custom:container-muxer-webm: aa71ff27fc2769a1b78a27578f13a17b -> 
  custom:container-demuxer-webm: 4f35f7cbe854078d1ac9338744f61a02 -> 
  custom:video-encoder-webm-vp8: eb34c28f22e8b96e1ab97ce403110664 -> 
  custom:audio-encoder-webm-vorbis: bf7c407c2cedff20999df2af8eb42d56 -> 
  custom:framework-win-MediaFoundation: 216162199b28c13a410421893ffa2e32 -> 
  custom:container-demuxer-ogg: 62fdf1f143b41e24485cea50d1cbac27 -> 
  custom:video-decoder-webm-vp8: 9c59270c3fd7afecdb556c50c9e8de78 -> 
  custom:audio-decoder-ogg-vorbis: bf7c407c2cedff20999df2af8eb42d56 -> 
========================================================================
Received Prepare
Registering precompiled user dll's ...
Registered in 0.006201 seconds.
Begin MonoManager ReloadAssembly
Symbol file LoadedFromMemory doesn't match image C:\Users\Marco\WheelchairSim\Library\PackageCache\com.unity.visualscripting@1.7.6\Editor\VisualScripting.Core\Dependencies\YamlDotNet\Unity.VisualScripting.YamlDotNet.dll
Symbol file LoadedFromMemory is not a mono symbol file
Symbol file LoadedFromMemory doesn't match image C:\Users\Marco\WheelchairSim\Library\PackageCache\com.unity.visualscripting@1.7.6\Editor\VisualScripting.Core\Dependencies\DotNetZip\Unity.VisualScripting.IonicZip.dll
Native extension for WindowsStandalone target not found
Native extension for WebGL target not found
Refreshing native plugins compatible for Editor in 0.63 ms, found 3 plugins.
Preloading 0 native plugins for Editor in 0.00 ms.
Mono: successfully reloaded assembly
- Completed reload, in  1.223 seconds
Domain Reload Profiling:
	ReloadAssembly (1226ms)
		BeginReloadAssembly (423ms)
			ExecutionOrderSort (0ms)
			DisableScriptedObjects (29ms)
			BackupInstance (0ms)
			ReleaseScriptingObjects (0ms)
			CreateAndSetChildDomain (161ms)
		EndReloadAssembly (711ms)
			LoadAssemblies (147ms)
			RebuildTransferFunctionScriptingTraits (0ms)
			SetupTypeCache (236ms)
			ReleaseScriptCaches (1ms)
			RebuildScriptCaches (37ms)
			SetupLoadedEditorAssemblies (289ms)
				LogAssemblyErrors (0ms)
				InitializePlatformSupportModulesInManaged (12ms)
				SetLoadedEditorAssemblies (1ms)
				RefreshPlugins (1ms)
				BeforeProcessingInitializeOnLoad (60ms)
				ProcessInitializeOnLoadAttributes (189ms)
				ProcessInitializeOnLoadMethodAttributes (23ms)
				AfterProcessingInitializeOnLoad (3ms)
				EditorAssembliesLoaded (0ms)
			ExecutionOrderSort2 (0ms)
			AwakeInstancesAfterBackupRestoration (5ms)
Platform modules already initialized, skipping
Refreshing native plugins compatible for Editor in 2.20 ms, found 3 plugins.
Preloading 0 native plugins for Editor in 0.00 ms.
Unloading 3260 Unused Serialized files (Serialized files now loaded: 0)
Unloading 16 unused Assets / (79.3 KB). Loaded Objects now: 3797.
Memory consumption went from 124.1 MB to 124.0 MB.
Total: 4.743100 ms (FindLiveObjects: 0.510900 ms CreateObjectMapping: 0.096800 ms MarkObjects: 4.031300 ms  DeleteObjects: 0.102900 ms)

AssetImportParameters requested are different than current active one (requested -> active):
  custom:video-decoder-ogg-theora: a1e56fd34408186e4bbccfd4996cb3dc -> 
  custom:container-muxer-webm: aa71ff27fc2769a1b78a27578f13a17b -> 
  custom:container-demuxer-webm: 4f35f7cbe854078d1ac9338744f61a02 -> 
  custom:video-encoder-webm-vp8: eb34c28f22e8b96e1ab97ce403110664 -> 
  custom:audio-encoder-webm-vorbis: bf7c407c2cedff20999df2af8eb42d56 -> 
  custom:framework-win-MediaFoundation: 216162199b28c13a410421893ffa2e32 -> 
  custom:container-demuxer-ogg: 62fdf1f143b41e24485cea50d1cbac27 -> 
  custom:video-decoder-webm-vp8: 9c59270c3fd7afecdb556c50c9e8de78 -> 
  custom:audio-decoder-ogg-vorbis: bf7c407c2cedff20999df2af8eb42d56 -> 
========================================================================
Received Prepare
Registering precompiled user dll's ...
Registered in 0.004355 seconds.
Begin MonoManager ReloadAssembly
Symbol file LoadedFromMemory doesn't match image C:\Users\Marco\WheelchairSim\Library\PackageCache\com.unity.visualscripting@1.7.6\Editor\VisualScripting.Core\Dependencies\YamlDotNet\Unity.VisualScripting.YamlDotNet.dll
Symbol file LoadedFromMemory is not a mono symbol file
Symbol file LoadedFromMemory doesn't match image C:\Users\Marco\WheelchairSim\Library\PackageCache\com.unity.visualscripting@1.7.6\Editor\VisualScripting.Core\Dependencies\DotNetZip\Unity.VisualScripting.IonicZip.dll
Native extension for WindowsStandalone target not found
Native extension for WebGL target not found
Refreshing native plugins compatible for Editor in 1.17 ms, found 3 plugins.
Preloading 0 native plugins for Editor in 0.00 ms.
Mono: successfully reloaded assembly
- Completed reload, in  0.852 seconds
Domain Reload Profiling:
	ReloadAssembly (852ms)
		BeginReloadAssembly (124ms)
			ExecutionOrderSort (0ms)
			DisableScriptedObjects (5ms)
			BackupInstance (0ms)
			ReleaseScriptingObjects (0ms)
			CreateAndSetChildDomain (36ms)
		EndReloadAssembly (644ms)
			LoadAssemblies (84ms)
			RebuildTransferFunctionScriptingTraits (0ms)
			SetupTypeCache (213ms)
			ReleaseScriptCaches (1ms)
			RebuildScriptCaches (36ms)
			SetupLoadedEditorAssemblies (276ms)
				LogAssemblyErrors (0ms)
				InitializePlatformSupportModulesInManaged (11ms)
				SetLoadedEditorAssemblies (0ms)
				RefreshPlugins (1ms)
				BeforeProcessingInitializeOnLoad (58ms)
				ProcessInitializeOnLoadAttributes (183ms)
				ProcessInitializeOnLoadMethodAttributes (20ms)
				AfterProcessingInitializeOnLoad (2ms)
				EditorAssembliesLoaded (0ms)
			ExecutionOrderSort2 (0ms)
			AwakeInstancesAfterBackupRestoration (6ms)
Platform modules already initialized, skipping
Refreshing native plugins compatible for Editor in 1.89 ms, found 3 plugins.
Preloading 0 native plugins for Editor in 0.00 ms.
Unloading 3260 Unused Serialized files (Serialized files now loaded: 0)
Unloading 16 unused Assets / (79.1 KB). Loaded Objects now: 3800.
Memory consumption went from 124.1 MB to 124.0 MB.
Total: 3.230800 ms (FindLiveObjects: 0.218000 ms CreateObjectMapping: 0.063500 ms MarkObjects: 2.817200 ms  DeleteObjects: 0.131500 ms)

AssetImportParameters requested are different than current active one (requested -> active):
  custom:video-decoder-ogg-theora: a1e56fd34408186e4bbccfd4996cb3dc -> 
  custom:container-muxer-webm: aa71ff27fc2769a1b78a27578f13a17b -> 
  custom:container-demuxer-webm: 4f35f7cbe854078d1ac9338744f61a02 -> 
  custom:video-encoder-webm-vp8: eb34c28f22e8b96e1ab97ce403110664 -> 
  custom:audio-encoder-webm-vorbis: bf7c407c2cedff20999df2af8eb42d56 -> 
  custom:framework-win-MediaFoundation: 216162199b28c13a410421893ffa2e32 -> 
  custom:container-demuxer-ogg: 62fdf1f143b41e24485cea50d1cbac27 -> 
  custom:video-decoder-webm-vp8: 9c59270c3fd7afecdb556c50c9e8de78 -> 
  custom:audio-decoder-ogg-vorbis: bf7c407c2cedff20999df2af8eb42d56 -> 
========================================================================
Received Import Request.
  Time since last request: 582272.582277 seconds.
  path: Assets/Materials/YughuesFreeMetalMaterials/Materials/Textures
  artifactKey: Guid(1e920fb1b107c1d4d9e5864c1a3e5055) Importer(815301076,1909f56bfc062723c751e8b465ee728b)
Start importing Assets/Materials/YughuesFreeMetalMaterials/Materials/Textures using Guid(1e920fb1b107c1d4d9e5864c1a3e5055) Importer(815301076,1909f56bfc062723c751e8b465ee728b)  -> (artifact id: '719a1c6280a7fd118dbd51afd1976237') in 0.408700 seconds 
========================================================================
Received Import Request.
  Time since last request: 34.425058 seconds.
  path: Assets/TextMesh Pro
  artifactKey: Guid(f54d1bd14bd3ca042bd867b519fee8cc) Importer(815301076,1909f56bfc062723c751e8b465ee728b)
Start importing Assets/TextMesh Pro using Guid(f54d1bd14bd3ca042bd867b519fee8cc) Importer(815301076,1909f56bfc062723c751e8b465ee728b)  -> (artifact id: 'f5648c5ef36b7beab651a001a8d08867') in 0.005893 seconds 
========================================================================
Received Prepare
Registering precompiled user dll's ...
Registered in 0.004179 seconds.
Begin MonoManager ReloadAssembly
Symbol file LoadedFromMemory doesn't match image C:\Users\Marco\WheelchairSim\Library\PackageCache\com.unity.visualscripting@1.7.6\Editor\VisualScripting.Core\Dependencies\YamlDotNet\Unity.VisualScripting.YamlDotNet.dll
Symbol file LoadedFromMemory is not a mono symbol file
Symbol file LoadedFromMemory doesn't match image C:\Users\Marco\WheelchairSim\Library\PackageCache\com.unity.visualscripting@1.7.6\Editor\VisualScripting.Core\Dependencies\DotNetZip\Unity.VisualScripting.IonicZip.dll
Native extension for WindowsStandalone target not found
Native extension for WebGL target not found
Refreshing native plugins compatible for Editor in 0.57 ms, found 3 plugins.
Preloading 0 native plugins for Editor in 0.00 ms.
Mono: successfully reloaded assembly
- Completed reload, in  1.557 seconds
Domain Reload Profiling:
	ReloadAssembly (1563ms)
		BeginReloadAssembly (636ms)
			ExecutionOrderSort (0ms)
			DisableScriptedObjects (41ms)
			BackupInstance (0ms)
			ReleaseScriptingObjects (0ms)
			CreateAndSetChildDomain (216ms)
		EndReloadAssembly (845ms)
			LoadAssemblies (393ms)
			RebuildTransferFunctionScriptingTraits (0ms)
			SetupTypeCache (193ms)
			ReleaseScriptCaches (1ms)
			RebuildScriptCaches (31ms)
			SetupLoadedEditorAssemblies (243ms)
				LogAssemblyErrors (0ms)
				InitializePlatformSupportModulesInManaged (12ms)
				SetLoadedEditorAssemblies (1ms)
				RefreshPlugins (1ms)
				BeforeProcessingInitializeOnLoad (48ms)
				ProcessInitializeOnLoadAttributes (161ms)
				ProcessInitializeOnLoadMethodAttributes (18ms)
				AfterProcessingInitializeOnLoad (2ms)
				EditorAssembliesLoaded (0ms)
			ExecutionOrderSort2 (0ms)
			AwakeInstancesAfterBackupRestoration (5ms)
Platform modules already initialized, skipping
Refreshing native plugins compatible for Editor in 1.41 ms, found 3 plugins.
Preloading 0 native plugins for Editor in 0.00 ms.
Unloading 3260 Unused Serialized files (Serialized files now loaded: 0)
Unloading 16 unused Assets / (79.2 KB). Loaded Objects now: 3803.
Memory consumption went from 124.1 MB to 124.0 MB.
Total: 4.827100 ms (FindLiveObjects: 0.206400 ms CreateObjectMapping: 0.071400 ms MarkObjects: 4.415700 ms  DeleteObjects: 0.132600 ms)

AssetImportParameters requested are different than current active one (requested -> active):
  custom:video-decoder-ogg-theora: a1e56fd34408186e4bbccfd4996cb3dc -> 
  custom:container-muxer-webm: aa71ff27fc2769a1b78a27578f13a17b -> 
  custom:container-demuxer-webm: 4f35f7cbe854078d1ac9338744f61a02 -> 
  custom:video-encoder-webm-vp8: eb34c28f22e8b96e1ab97ce403110664 -> 
  custom:audio-encoder-webm-vorbis: bf7c407c2cedff20999df2af8eb42d56 -> 
  custom:framework-win-MediaFoundation: 216162199b28c13a410421893ffa2e32 -> 
  custom:container-demuxer-ogg: 62fdf1f143b41e24485cea50d1cbac27 -> 
  custom:video-decoder-webm-vp8: 9c59270c3fd7afecdb556c50c9e8de78 -> 
  custom:audio-decoder-ogg-vorbis: bf7c407c2cedff20999df2af8eb42d56 -> 
